This is pdfTeX, Version 3.1415926-2.5-1.40.14 (TeX Live 2013) (format=pdflatex 2016.2.6)  8 MAY 2020 02:46
entering extended mode
 restricted \write18 enabled.
 %&-line parsing enabled.
**WrittenReport.tex
(./WrittenReport.tex
LaTeX2e <2011/06/27>
Babel <v3.8m> and hyphenation patterns for english, dumylang, nohyphenation, lo
aded.
(/usr/share/texlive/texmf-dist/tex/latex/base/article.cls
Document Class: article 2007/10/19 v1.4h Standard LaTeX document class
(/usr/share/texlive/texmf-dist/tex/latex/base/size12.clo
File: size12.clo 2007/10/19 v1.4h Standard LaTeX file (size option)
)
\c@part=\count79
\c@section=\count80
\c@subsection=\count81
\c@subsubsection=\count82
\c@paragraph=\count83
\c@subparagraph=\count84
\c@figure=\count85
\c@table=\count86
\abovecaptionskip=\skip41
\belowcaptionskip=\skip42
\bibindent=\dimen102
)
(/usr/share/texlive/texmf-dist/tex/latex/psnfss/mathptmx.sty
Package: mathptmx 2005/04/12 PSNFSS-v9.2a Times w/ Math, improved (SPQR, WaS) 
LaTeX Font Info:    Redeclaring symbol font `operators' on input line 28.
LaTeX Font Info:    Overwriting symbol font `operators' in version `normal'
(Font)                  OT1/cmr/m/n --> OT1/ztmcm/m/n on input line 28.
LaTeX Font Info:    Overwriting symbol font `operators' in version `bold'
(Font)                  OT1/cmr/bx/n --> OT1/ztmcm/m/n on input line 28.
LaTeX Font Info:    Redeclaring symbol font `letters' on input line 29.
LaTeX Font Info:    Overwriting symbol font `letters' in version `normal'
(Font)                  OML/cmm/m/it --> OML/ztmcm/m/it on input line 29.
LaTeX Font Info:    Overwriting symbol font `letters' in version `bold'
(Font)                  OML/cmm/b/it --> OML/ztmcm/m/it on input line 29.
LaTeX Font Info:    Redeclaring symbol font `symbols' on input line 30.
LaTeX Font Info:    Overwriting symbol font `symbols' in version `normal'
(Font)                  OMS/cmsy/m/n --> OMS/ztmcm/m/n on input line 30.
LaTeX Font Info:    Overwriting symbol font `symbols' in version `bold'
(Font)                  OMS/cmsy/b/n --> OMS/ztmcm/m/n on input line 30.
LaTeX Font Info:    Redeclaring symbol font `largesymbols' on input line 31.
LaTeX Font Info:    Overwriting symbol font `largesymbols' in version `normal'
(Font)                  OMX/cmex/m/n --> OMX/ztmcm/m/n on input line 31.
LaTeX Font Info:    Overwriting symbol font `largesymbols' in version `bold'
(Font)                  OMX/cmex/m/n --> OMX/ztmcm/m/n on input line 31.
\symbold=\mathgroup4
\symitalic=\mathgroup5
LaTeX Font Info:    Redeclaring math alphabet \mathbf on input line 34.
LaTeX Font Info:    Overwriting math alphabet `\mathbf' in version `normal'
(Font)                  OT1/cmr/bx/n --> OT1/ptm/bx/n on input line 34.
LaTeX Font Info:    Overwriting math alphabet `\mathbf' in version `bold'
(Font)                  OT1/cmr/bx/n --> OT1/ptm/bx/n on input line 34.
LaTeX Font Info:    Redeclaring math alphabet \mathit on input line 35.
LaTeX Font Info:    Overwriting math alphabet `\mathit' in version `normal'
(Font)                  OT1/cmr/m/it --> OT1/ptm/m/it on input line 35.
LaTeX Font Info:    Overwriting math alphabet `\mathit' in version `bold'
(Font)                  OT1/cmr/bx/it --> OT1/ptm/m/it on input line 35.
LaTeX Info: Redefining \hbar on input line 50.
)
(/usr/share/texlive/texmf-dist/tex/latex/amsmath/amsmath.sty
Package: amsmath 2013/01/14 v2.14 AMS math features
\@mathmargin=\skip43

For additional information on amsmath, use the `?' option.
(/usr/share/texlive/texmf-dist/tex/latex/amsmath/amstext.sty
Package: amstext 2000/06/29 v2.01

(/usr/share/texlive/texmf-dist/tex/latex/amsmath/amsgen.sty
File: amsgen.sty 1999/11/30 v2.0
\@emptytoks=\toks14
\ex@=\dimen103
))
(/usr/share/texlive/texmf-dist/tex/latex/amsmath/amsbsy.sty
Package: amsbsy 1999/11/29 v1.2d
\pmbraise@=\dimen104
)
(/usr/share/texlive/texmf-dist/tex/latex/amsmath/amsopn.sty
Package: amsopn 1999/12/14 v2.01 operator names
)
\inf@bad=\count87
LaTeX Info: Redefining \frac on input line 210.
\uproot@=\count88
\leftroot@=\count89
LaTeX Info: Redefining \overline on input line 306.
\classnum@=\count90
\DOTSCASE@=\count91
LaTeX Info: Redefining \ldots on input line 378.
LaTeX Info: Redefining \dots on input line 381.
LaTeX Info: Redefining \cdots on input line 466.
\Mathstrutbox@=\box26
\strutbox@=\box27
\big@size=\dimen105
LaTeX Font Info:    Redeclaring font encoding OML on input line 566.
LaTeX Font Info:    Redeclaring font encoding OMS on input line 567.
\macc@depth=\count92
\c@MaxMatrixCols=\count93
\dotsspace@=\muskip10
\c@parentequation=\count94
\dspbrk@lvl=\count95
\tag@help=\toks15
\row@=\count96
\column@=\count97
\maxfields@=\count98
\andhelp@=\toks16
\eqnshift@=\dimen106
\alignsep@=\dimen107
\tagshift@=\dimen108
\tagwidth@=\dimen109
\totwidth@=\dimen110
\lineht@=\dimen111
\@envbody=\toks17
\multlinegap=\skip44
\multlinetaggap=\skip45
\mathdisplay@stack=\toks18
LaTeX Info: Redefining \[ on input line 2665.
LaTeX Info: Redefining \] on input line 2666.
)
(/usr/share/texlive/texmf-dist/tex/latex/geometry/geometry.sty
Package: geometry 2010/09/12 v5.6 Page Geometry

(/usr/share/texlive/texmf-dist/tex/latex/graphics/keyval.sty
Package: keyval 1999/03/16 v1.13 key=value parser (DPC)
\KV@toks@=\toks19
)
(/usr/share/texlive/texmf-dist/tex/generic/oberdiek/ifpdf.sty
Package: ifpdf 2011/01/30 v2.3 Provides the ifpdf switch (HO)
Package ifpdf Info: pdfTeX in PDF mode is detected.
)
(/usr/share/texlive/texmf-dist/tex/generic/oberdiek/ifvtex.sty
Package: ifvtex 2010/03/01 v1.5 Detect VTeX and its facilities (HO)
Package ifvtex Info: VTeX not detected.
)
(/usr/share/texlive/texmf-dist/tex/generic/ifxetex/ifxetex.sty
Package: ifxetex 2010/09/12 v0.6 Provides ifxetex conditional
)
\Gm@cnth=\count99
\Gm@cntv=\count100
\c@Gm@tempcnt=\count101
\Gm@bindingoffset=\dimen112
\Gm@wd@mp=\dimen113
\Gm@odd@mp=\dimen114
\Gm@even@mp=\dimen115
\Gm@layoutwidth=\dimen116
\Gm@layoutheight=\dimen117
\Gm@layouthoffset=\dimen118
\Gm@layoutvoffset=\dimen119
\Gm@dimlist=\toks20
)
(/usr/share/texlive/texmf-dist/tex/latex/natbib/natbib.sty
Package: natbib 2010/09/13 8.31b (PWD, AO)
\bibhang=\skip46
\bibsep=\skip47
LaTeX Info: Redefining \cite on input line 694.
\c@NAT@ctr=\count102
)
(/usr/share/texlive/texmf-dist/tex/latex/url/url.sty
\Urlmuskip=\muskip11
Package: url 2006/04/12  ver 3.3  Verb mode for urls, etc.
)
(/usr/share/texlive/texmf-dist/tex/latex/booktabs/booktabs.sty
Package: booktabs 2005/04/14 v1.61803 publication quality tables
\heavyrulewidth=\dimen120
\lightrulewidth=\dimen121
\cmidrulewidth=\dimen122
\belowrulesep=\dimen123
\belowbottomsep=\dimen124
\aboverulesep=\dimen125
\abovetopsep=\dimen126
\cmidrulesep=\dimen127
\cmidrulekern=\dimen128
\defaultaddspace=\dimen129
\@cmidla=\count103
\@cmidlb=\count104
\@aboverulesep=\dimen130
\@belowrulesep=\dimen131
\@thisruleclass=\count105
\@lastruleclass=\count106
\@thisrulewidth=\dimen132
)
(/usr/share/texlive/texmf-dist/tex/latex/graphics/graphicx.sty
Package: graphicx 1999/02/16 v1.0f Enhanced LaTeX Graphics (DPC,SPQR)

(/usr/share/texlive/texmf-dist/tex/latex/graphics/graphics.sty
Package: graphics 2009/02/05 v1.0o Standard LaTeX Graphics (DPC,SPQR)

(/usr/share/texlive/texmf-dist/tex/latex/graphics/trig.sty
Package: trig 1999/03/16 v1.09 sin cos tan (DPC)
)
(/usr/share/texlive/texmf-dist/tex/latex/latexconfig/graphics.cfg
File: graphics.cfg 2010/04/23 v1.9 graphics configuration of TeX Live
)
Package graphics Info: Driver file: pdftex.def on input line 91.

(/usr/share/texlive/texmf-dist/tex/latex/pdftex-def/pdftex.def
File: pdftex.def 2011/05/27 v0.06d Graphics/color for pdfTeX

(/usr/share/texlive/texmf-dist/tex/generic/oberdiek/infwarerr.sty
Package: infwarerr 2010/04/08 v1.3 Providing info/warning/error messages (HO)
)
(/usr/share/texlive/texmf-dist/tex/generic/oberdiek/ltxcmds.sty
Package: ltxcmds 2011/11/09 v1.22 LaTeX kernel commands for general use (HO)
)
\Gread@gobject=\count107
))
\Gin@req@height=\dimen133
\Gin@req@width=\dimen134
)
(/usr/share/texlive/texmf-dist/tex/latex/oberdiek/pdflscape.sty
Package: pdflscape 2008/08/11 v0.10 Display of landscape pages in PDF (HO)

(/usr/share/texlive/texmf-dist/tex/latex/graphics/lscape.sty
Package: lscape 2000/10/22 v3.01 Landscape Pages (DPC)
)
Package pdflscape Info: Auto-detected driver: pdftex on input line 80.
)
(/usr/share/texlive/texmf-dist/tex/latex/xcolor/xcolor.sty
Package: xcolor 2007/01/21 v2.11 LaTeX color extensions (UK)

(/usr/share/texlive/texmf-dist/tex/latex/latexconfig/color.cfg
File: color.cfg 2007/01/18 v1.5 color configuration of teTeX/TeXLive
)
Package xcolor Info: Driver file: pdftex.def on input line 225.

(/usr/share/texlive/texmf-dist/tex/latex/colortbl/colortbl.sty
Package: colortbl 2012/02/13 v1.0a Color table columns (DPC)

(/usr/share/texlive/texmf-dist/tex/latex/tools/array.sty
Package: array 2008/09/09 v2.4c Tabular extension package (FMi)
\col@sep=\dimen135
\extrarowheight=\dimen136
\NC@list=\toks21
\extratabsurround=\skip48
\backup@length=\skip49
)
\everycr=\toks22
\minrowclearance=\skip50
)
\rownum=\count108
Package xcolor Info: Model `cmy' substituted by `cmy0' on input line 1337.
Package xcolor Info: Model `hsb' substituted by `rgb' on input line 1341.
Package xcolor Info: Model `RGB' extended on input line 1353.
Package xcolor Info: Model `HTML' substituted by `rgb' on input line 1355.
Package xcolor Info: Model `Hsb' substituted by `hsb' on input line 1356.
Package xcolor Info: Model `tHsb' substituted by `hsb' on input line 1357.
Package xcolor Info: Model `HSB' substituted by `hsb' on input line 1358.
Package xcolor Info: Model `Gray' substituted by `gray' on input line 1359.
Package xcolor Info: Model `wave' substituted by `hsb' on input line 1360.
)
(/usr/share/texlive/texmf-dist/tex/latex/hyperref/hyperref.sty
Package: hyperref 2012/11/06 v6.83m Hypertext links for LaTeX

(/usr/share/texlive/texmf-dist/tex/generic/oberdiek/hobsub-hyperref.sty
Package: hobsub-hyperref 2012/05/28 v1.13 Bundle oberdiek, subset hyperref (HO)


(/usr/share/texlive/texmf-dist/tex/generic/oberdiek/hobsub-generic.sty
Package: hobsub-generic 2012/05/28 v1.13 Bundle oberdiek, subset generic (HO)
Package: hobsub 2012/05/28 v1.13 Construct package bundles (HO)
Package hobsub Info: Skipping package `infwarerr' (already loaded).
Package hobsub Info: Skipping package `ltxcmds' (already loaded).
Package: ifluatex 2010/03/01 v1.3 Provides the ifluatex switch (HO)
Package ifluatex Info: LuaTeX not detected.
Package hobsub Info: Skipping package `ifvtex' (already loaded).
Package: intcalc 2007/09/27 v1.1 Expandable calculations with integers (HO)
Package hobsub Info: Skipping package `ifpdf' (already loaded).
Package: etexcmds 2011/02/16 v1.5 Avoid name clashes with e-TeX commands (HO)
Package etexcmds Info: Could not find \expanded.
(etexcmds)             That can mean that you are not using pdfTeX 1.50 or
(etexcmds)             that some package has redefined \expanded.
(etexcmds)             In the latter case, load this package earlier.
Package: kvsetkeys 2012/04/25 v1.16 Key value parser (HO)
Package: kvdefinekeys 2011/04/07 v1.3 Define keys (HO)
Package: pdftexcmds 2011/11/29 v0.20 Utility functions of pdfTeX for LuaTeX (HO
)
Package pdftexcmds Info: LuaTeX not detected.
Package pdftexcmds Info: \pdf@primitive is available.
Package pdftexcmds Info: \pdf@ifprimitive is available.
Package pdftexcmds Info: \pdfdraftmode found.
Package: pdfescape 2011/11/25 v1.13 Implements pdfTeX's escape features (HO)
Package: bigintcalc 2012/04/08 v1.3 Expandable calculations on big integers (HO
)
Package: bitset 2011/01/30 v1.1 Handle bit-vector datatype (HO)
Package: uniquecounter 2011/01/30 v1.2 Provide unlimited unique counter (HO)
)
Package hobsub Info: Skipping package `hobsub' (already loaded).
Package: letltxmacro 2010/09/02 v1.4 Let assignment for LaTeX macros (HO)
Package: hopatch 2012/05/28 v1.2 Wrapper for package hooks (HO)
Package: xcolor-patch 2011/01/30 xcolor patch
Package: atveryend 2011/06/30 v1.8 Hooks at the very end of document (HO)
Package atveryend Info: \enddocument detected (standard20110627).
Package: atbegshi 2011/10/05 v1.16 At begin shipout hook (HO)
Package: refcount 2011/10/16 v3.4 Data extraction from label references (HO)
Package: hycolor 2011/01/30 v1.7 Color options for hyperref/bookmark (HO)
)
(/usr/share/texlive/texmf-dist/tex/latex/oberdiek/auxhook.sty
Package: auxhook 2011/03/04 v1.3 Hooks for auxiliary files (HO)
)
(/usr/share/texlive/texmf-dist/tex/latex/oberdiek/kvoptions.sty
Package: kvoptions 2011/06/30 v3.11 Key value format for package options (HO)
)
\@linkdim=\dimen137
\Hy@linkcounter=\count109
\Hy@pagecounter=\count110

(/usr/share/texlive/texmf-dist/tex/latex/hyperref/pd1enc.def
File: pd1enc.def 2012/11/06 v6.83m Hyperref: PDFDocEncoding definition (HO)
)
\Hy@SavedSpaceFactor=\count111

(/usr/share/texlive/texmf-dist/tex/latex/latexconfig/hyperref.cfg
File: hyperref.cfg 2002/06/06 v1.2 hyperref configuration of TeXLive
)
Package hyperref Info: Option `unicode' set `true' on input line 4319.

(/usr/share/texlive/texmf-dist/tex/latex/hyperref/puenc.def
File: puenc.def 2012/11/06 v6.83m Hyperref: PDF Unicode definition (HO)
)
Package hyperref Info: Option `pdfusetitle' set `true' on input line 4319.
Package hyperref Info: Option `bookmarks' set `true' on input line 4319.
Package hyperref Info: Option `bookmarksnumbered' set `false' on input line 431
9.
Package hyperref Info: Option `bookmarksopen' set `false' on input line 4319.
Package hyperref Info: Option `breaklinks' set `true' on input line 4319.
Package hyperref Info: Option `colorlinks' set `true' on input line 4319.
Package hyperref Info: Hyper figures OFF on input line 4443.
Package hyperref Info: Link nesting OFF on input line 4448.
Package hyperref Info: Hyper index ON on input line 4451.
Package hyperref Info: Plain pages OFF on input line 4458.
Package hyperref Info: Backreferencing OFF on input line 4463.
Package hyperref Info: Implicit mode ON; LaTeX internals redefined.
Package hyperref Info: Bookmarks ON on input line 4688.
\c@Hy@tempcnt=\count112
LaTeX Info: Redefining \url on input line 5041.
\XeTeXLinkMargin=\dimen138
\Fld@menulength=\count113
\Field@Width=\dimen139
\Fld@charsize=\dimen140
Package hyperref Info: Hyper figures OFF on input line 6295.
Package hyperref Info: Link nesting OFF on input line 6300.
Package hyperref Info: Hyper index ON on input line 6303.
Package hyperref Info: backreferencing OFF on input line 6310.
Package hyperref Info: Link coloring ON on input line 6313.
Package hyperref Info: Link coloring with OCG OFF on input line 6320.
Package hyperref Info: PDF/A mode OFF on input line 6325.
LaTeX Info: Redefining \ref on input line 6365.
LaTeX Info: Redefining \pageref on input line 6369.
\Hy@abspage=\count114
\c@Item=\count115
\c@Hfootnote=\count116
)

Package hyperref Message: Driver (autodetected): hpdftex.

(/usr/share/texlive/texmf-dist/tex/latex/hyperref/hpdftex.def
File: hpdftex.def 2012/11/06 v6.83m Hyperref driver for pdfTeX
\Fld@listcount=\count117
\c@bookmark@seq@number=\count118

(/usr/share/texlive/texmf-dist/tex/latex/oberdiek/rerunfilecheck.sty
Package: rerunfilecheck 2011/04/15 v1.7 Rerun checks for auxiliary files (HO)
Package uniquecounter Info: New unique counter `rerunfilecheck' on input line 2
82.
)
\Hy@SectionHShift=\skip51
)
No file WrittenReport.aux.
\openout1 = `WrittenReport.aux'.

LaTeX Font Info:    Checking defaults for OML/cmm/m/it on input line 12.
LaTeX Font Info:    ... okay on input line 12.
LaTeX Font Info:    Checking defaults for T1/cmr/m/n on input line 12.
LaTeX Font Info:    ... okay on input line 12.
LaTeX Font Info:    Checking defaults for OT1/cmr/m/n on input line 12.
LaTeX Font Info:    ... okay on input line 12.
LaTeX Font Info:    Checking defaults for OMS/cmsy/m/n on input line 12.
LaTeX Font Info:    ... okay on input line 12.
LaTeX Font Info:    Checking defaults for OMX/cmex/m/n on input line 12.
LaTeX Font Info:    ... okay on input line 12.
LaTeX Font Info:    Checking defaults for U/cmr/m/n on input line 12.
LaTeX Font Info:    ... okay on input line 12.
LaTeX Font Info:    Checking defaults for PD1/pdf/m/n on input line 12.
LaTeX Font Info:    ... okay on input line 12.
LaTeX Font Info:    Checking defaults for PU/pdf/m/n on input line 12.
LaTeX Font Info:    ... okay on input line 12.
LaTeX Font Info:    Try loading font information for OT1+ptm on input line 12.
(/usr/share/texlive/texmf-dist/tex/latex/psnfss/ot1ptm.fd
File: ot1ptm.fd 2001/06/04 font definitions for OT1/ptm.
)
*geometry* driver: auto-detecting
*geometry* detected driver: pdftex
*geometry* verbose mode - [ preamble ] result:
* driver: pdftex
* paper: <default>
* layout: <same size as paper>
* layoutoffset:(h,v)=(0.0pt,0.0pt)
* modes: 
* h-part:(L,W,R)=(72.26999pt, 469.75502pt, 72.26999pt)
* v-part:(T,H,B)=(72.26999pt, 650.43001pt, 72.26999pt)
* \paperwidth=614.295pt
* \paperheight=794.96999pt
* \textwidth=469.75502pt
* \textheight=650.43001pt
* \oddsidemargin=0.0pt
* \evensidemargin=0.0pt
* \topmargin=-37.0pt
* \headheight=12.0pt
* \headsep=25.0pt
* \topskip=12.0pt
* \footskip=30.0pt
* \marginparwidth=44.0pt
* \marginparsep=10.0pt
* \columnsep=10.0pt
* \skip\footins=10.8pt plus 4.0pt minus 2.0pt
* \hoffset=0.0pt
* \voffset=0.0pt
* \mag=1000
* \@twocolumnfalse
* \@twosidefalse
* \@mparswitchfalse
* \@reversemarginfalse
* (1in=72.27pt=25.4mm, 1cm=28.453pt)

(/usr/share/texlive/texmf-dist/tex/context/base/supp-pdf.mkii
[Loading MPS to PDF converter (version 2006.09.02).]
\scratchcounter=\count119
\scratchdimen=\dimen141
\scratchbox=\box28
\nofMPsegments=\count120
\nofMParguments=\count121
\everyMPshowfont=\toks23
\MPscratchCnt=\count122
\MPscratchDim=\dimen142
\MPnumerator=\count123
\makeMPintoPDFobject=\count124
\everyMPtoPDFconversion=\toks24
) (/usr/share/texlive/texmf-dist/tex/latex/oberdiek/epstopdf-base.sty
Package: epstopdf-base 2010/02/09 v2.5 Base part for package epstopdf

(/usr/share/texlive/texmf-dist/tex/latex/oberdiek/grfext.sty
Package: grfext 2010/08/19 v1.1 Manage graphics extensions (HO)
)
Package grfext Info: Graphics extension search list:
(grfext)             [.png,.pdf,.jpg,.mps,.jpeg,.jbig2,.jb2,.PNG,.PDF,.JPG,.JPE
G,.JBIG2,.JB2,.eps]
(grfext)             \AppendGraphicsExtensions on input line 452.

(/usr/share/texlive/texmf-dist/tex/latex/latexconfig/epstopdf-sys.cfg
File: epstopdf-sys.cfg 2010/07/13 v1.3 Configuration of (r)epstopdf for TeX Liv
e
))
\AtBeginShipoutBox=\box29
Package hyperref Info: Link coloring ON on input line 12.

(/usr/share/texlive/texmf-dist/tex/latex/hyperref/nameref.sty
Package: nameref 2012/10/27 v2.43 Cross-referencing by name of section

(/usr/share/texlive/texmf-dist/tex/generic/oberdiek/gettitlestring.sty
Package: gettitlestring 2010/12/03 v1.4 Cleanup title references (HO)
)
\c@section@level=\count125
)
LaTeX Info: Redefining \ref on input line 12.
LaTeX Info: Redefining \pageref on input line 12.
LaTeX Info: Redefining \nameref on input line 12.
\@outlinefile=\write3
\openout3 = `WrittenReport.out'.


! Too many }'s.
l.16 12, 2020}
               \maketitle \vfill{} \pagebreak{}
? 

Package hyperref Warning: Token not allowed in a PDF string (Unicode):
(hyperref)                removing `\@ifnextchar' on input line 16.


Package hyperref Warning: Token not allowed in a PDF string (Unicode):
(hyperref)                removing `\<let>-command' on input line 16.


Package hyperref Warning: Token not allowed in a PDF string (Unicode):
(hyperref)                removing `\<let>-command' on input line 16.


Package hyperref Warning: Token not allowed in a PDF string (Unicode):
(hyperref)                removing `\afterassignment' on input line 16.


Package hyperref Warning: Token not allowed in a PDF string (Unicode):
(hyperref)                removing `\<let>-command' on input line 16.


Package hyperref Warning: Token not allowed in a PDF string (Unicode):
(hyperref)                removing `\<def>-command' on input line 16.


Package hyperref Warning: Token not allowed in a PDF string (Unicode):
(hyperref)                removing `\@thanks' on input line 16.

[1

{/usr/share/texlive/texmf/fonts/map/pdftex/updmap/pdftex.map}]
LaTeX Font Info:    Try loading font information for OT1+ztmcm on input line 16
.

(/usr/share/texlive/texmf-dist/tex/latex/psnfss/ot1ztmcm.fd
File: ot1ztmcm.fd 2000/01/03 Fontinst v1.801 font definitions for OT1/ztmcm.
)
LaTeX Font Info:    Try loading font information for OML+ztmcm on input line 16
.

(/usr/share/texlive/texmf-dist/tex/latex/psnfss/omlztmcm.fd
File: omlztmcm.fd 2000/01/03 Fontinst v1.801 font definitions for OML/ztmcm.
)
LaTeX Font Info:    Try loading font information for OMS+ztmcm on input line 16
.

(/usr/share/texlive/texmf-dist/tex/latex/psnfss/omsztmcm.fd
File: omsztmcm.fd 2000/01/03 Fontinst v1.801 font definitions for OMS/ztmcm.
)
LaTeX Font Info:    Try loading font information for OMX+ztmcm on input line 16
.

(/usr/share/texlive/texmf-dist/tex/latex/psnfss/omxztmcm.fd
File: omxztmcm.fd 2000/01/03 Fontinst v1.801 font definitions for OMX/ztmcm.
)
LaTeX Font Info:    Font shape `OT1/ptm/bx/n' in size <14.4> not available
(Font)              Font shape `OT1/ptm/b/n' tried instead on input line 16.
LaTeX Font Info:    Font shape `OT1/ptm/bx/n' in size <10.95> not available
(Font)              Font shape `OT1/ptm/b/n' tried instead on input line 16.
LaTeX Font Info:    Font shape `OT1/ptm/bx/n' in size <8> not available
(Font)              Font shape `OT1/ptm/b/n' tried instead on input line 16.
LaTeX Font Info:    Font shape `OT1/ptm/bx/n' in size <6> not available
(Font)              Font shape `OT1/ptm/b/n' tried instead on input line 16.
LaTeX Font Info:    Font shape `OT1/ptm/bx/n' in size <10> not available
(Font)              Font shape `OT1/ptm/b/n' tried instead on input line 16.
LaTeX Font Info:    Font shape `OT1/ptm/bx/n' in size <7.4> not available
(Font)              Font shape `OT1/ptm/b/n' tried instead on input line 16.
LaTeX Font Info:    Calculating math sizes for size <7.4> on input line 16.
LaTeX Font Info:    Font shape `OT1/ptm/bx/n' in size <5.47603> not available
(Font)              Font shape `OT1/ptm/b/n' tried instead on input line 16.
LaTeX Font Info:    Font shape `OT1/ptm/bx/n' in size <4.44003> not available
(Font)              Font shape `OT1/ptm/b/n' tried instead on input line 16.
 [2]
LaTeX Font Info:    Font shape `OT1/ptm/bx/n' in size <17.28> not available
(Font)              Font shape `OT1/ptm/b/n' tried instead on input line 17.
LaTeX Font Info:    Font shape `OT1/ptm/bx/n' in size <12> not available
(Font)              Font shape `OT1/ptm/b/n' tried instead on input line 48.


Package natbib Warning: Citation `fishburn68' on page 3 undefined on input line
 48.


Package natbib Warning: Citation `mozaffar20' on page 3 undefined on input line
 56.


Package natbib Warning: Citation `glasgow_2001' on page 3 undefined on input li
ne 86.


Package natbib Warning: Citation `glasgow_2001' on page 3 undefined on input li
ne 90.


Package natbib Warning: Citation `rand02' on page 3 undefined on input line 100
.


Package natbib Warning: Citation `rende_2019' on page 3 undefined on input line
 106.

! Misplaced alignment tab character &.
l.106 ...019}. Coleen Cherici, Patrick McGinnis, &
                                                   Wayne Russell
? 

Package natbib Warning: Citation `pha11' on page 3 undefined on input line 111.



Package natbib Warning: Citation `wilper09' on page 3 undefined on input line 1
20.

[3] [4] [5]

Package natbib Warning: Citation `wac20' on page 6 undefined on input line 135.



Package natbib Warning: Citation `goodrx' on page 6 undefined on input line 161
.


Package natbib Warning: Citation `cod18' on page 6 undefined on input line 165.



Package natbib Warning: Citation `cdc20' on page 6 undefined on input line 187.



Package natbib Warning: Citation `trials' on page 6 undefined on input line 187
.

[6] [7]

Package natbib Warning: Citation `mozaffar20' on page 8 undefined on input line
 192.

LaTeX Font Info:    Font shape `OT1/ptm/bx/n' in size <9> not available
(Font)              Font shape `OT1/ptm/b/n' tried instead on input line 192.
LaTeX Font Info:    Font shape `OT1/ptm/bx/n' in size <7> not available
(Font)              Font shape `OT1/ptm/b/n' tried instead on input line 192.

Package natbib Warning: Citation `mozaffar20' on page 8 undefined on input line
 205.

[8] [9] [10] [11] [12] [13]
No file WrittenReport.bbl.
! Misplaced \noalign.
\toprule ->\noalign 
                    {\ifnum 0=`}\fi \@aboverulesep =\abovetopsep \global \@b...
l.342 }
       
? 
! Missing } inserted.
<inserted text> 
                }
l.342 }
       
? 
! Missing \endgroup inserted.
<inserted text> 
                \endgroup 
l.342 }
       
? 
! Missing } inserted.
<inserted text> 
                }
l.342 }
       
? 
! Extra }, or forgotten \endgroup.
<recently read> }
                 
l.342 }
       
? 
! Misplaced \omit.
\multispan ->\omit 
                   \@multispan 
l.342 }
       
? 
! Misplaced alignment tab character &.
<argument> ...lticolumn {1}{|l|}{\textbf {Drug}} &
                                                   \multicolumn {1}{l|}{Comp...
l.342 }
       
? 
! Misplaced \omit.
\multispan ->\omit 
                   \@multispan 
l.342 }
       
? 
! Misplaced alignment tab character &.
<argument> ...}} & \multicolumn {1}{l|}{Company} &
                                                   \multicolumn {1}{l|}{Net ...
l.342 }
       
? 
! Misplaced \omit.
\multispan ->\omit 
                   \@multispan 
l.342 }
       
? 
! Misplaced alignment tab character &.
<argument> ...& \multicolumn {1}{l|}{Net Income} &
                                                   \textbf {Target Condition...
l.342 }
       
? 
! Misplaced alignment tab character &.
<argument> ...come} & \textbf {Target Condition} &
                                                   Number Afflicted (est.) &...
l.342 }
       
? 
! Misplaced alignment tab character &.
<argument> ...ndition} & Number Afflicted (est.) &
                                                   Untreated Mortality & Tre...
l.342 }
       
? 
! Misplaced alignment tab character &.
<argument> ...icted (est.) & Untreated Mortality &
                                                   Treated Mortality \\ \mid...
l.342 }
       
? 
! Misplaced \noalign.
\midrule ->\noalign 
                    {\ifnum 0=`}\fi \@aboverulesep =\aboverulesep \global \@...
l.342 }
       
? 

Underfull \hbox (badness 10000) in paragraph at lines 342--342

 []

! Misplaced alignment tab character &.
<argument> ...ated Mortality \\ \midrule Pradaxa &
                                                   Boehringer Ingelheim & 9....
l.342 }
       
? 
! Misplaced alignment tab character &.
<argument> ...ule Pradaxa & Boehringer Ingelheim &
                                                   9.9 billion & AFib-relate...
l.342 }
       
? 
! Misplaced alignment tab character &.
<argument> ...Boehringer Ingelheim & 9.9 billion &
                                                   AFib-related stroke & 2,2...
l.342 }
       
? 
! Misplaced alignment tab character &.
<argument> ... 9.9 billion & AFib-related stroke &
                                                   2,200,000 & {\color [HTML...
l.342 }
       
? 
! Misplaced alignment tab character &.
<argument> ... & AFib-related stroke & 2,200,000 &
                                                   {\color [HTML]{000000} 8....
l.342 }
       
? 
! Misplaced alignment tab character &.
<argument> ...0 & {\color [HTML]{000000} 8.10\%} &
                                                   {\color [HTML]{000000} 6\...
l.342 }
       
? 
! Misplaced \noalign.
\midrule ->\noalign 
                    {\ifnum 0=`}\fi \@aboverulesep =\aboverulesep \global \@...
l.342 }
       
? 

Underfull \hbox (badness 10000) in paragraph at lines 342--342

 []

! Misplaced alignment tab character &.
<argument> ...]{000000} 6\%} \\ \midrule Eliquis &
                                                   Bristol-Myers Squibb & 4....
l.342 }
       
? 
! Misplaced alignment tab character &.
<argument> ...ule Eliquis & Bristol-Myers Squibb &
                                                   4.92 billion & AFib-relat...
l.342 }
       
? 
! Misplaced alignment tab character &.
<argument> ...ristol-Myers Squibb & 4.92 billion &
                                                   AFib-related stroke & 2,2...
l.342 }
       
? 
! Misplaced alignment tab character &.
<argument> ...4.92 billion & AFib-related stroke &
                                                   2,200,000 & {\color [HTML...
l.342 }
       
? 
! Misplaced alignment tab character &.
<argument> ... & AFib-related stroke & 2,200,000 &
                                                   {\color [HTML]{000000} 15...
l.342 }
       
? 
! Misplaced alignment tab character &.
<argument> ... & {\color [HTML]{000000} 15.00\%} &
                                                   {\color [HTML]{000000} 9\...
l.342 }
       
? 
! Misplaced \noalign.
\midrule ->\noalign 
                    {\ifnum 0=`}\fi \@aboverulesep =\aboverulesep \global \@...
l.342 }
       
? 

Underfull \hbox (badness 10000) in paragraph at lines 342--342

 []

! Misplaced alignment tab character &.
<argument> ...{000000} 9\%} \\ \midrule Entresto &
                                                   Novartis & {\color [HTML]...
l.342 }
       
? 
! Misplaced alignment tab character &.
<argument> ...%} \\ \midrule Entresto & Novartis &
                                                   {\color [HTML]{0A0101} 12...
l.342 }
       
? 
! Misplaced alignment tab character &.
<argument> ...lor [HTML]{0A0101} 12.611 billion} &
                                                   Chronic Heart Failure & 6...
l.342 }
       
? 
! Misplaced alignment tab character &.
<argument> ...1 billion} & Chronic Heart Failure &
                                                   6,500,000 & {\color [HTML...
l.342 }
       
? 
! Misplaced alignment tab character &.
<argument> ... Chronic Heart Failure & 6,500,000 &
                                                   {\color [HTML]{000000} 1....
l.342 }
       
? 
! Misplaced alignment tab character &.
<argument> ...0 & {\color [HTML]{000000} 1.11\%} &
                                                   {\color [HTML]{000000} 0....
l.342 }
       
? 
! Misplaced \noalign.
\midrule ->\noalign 
                    {\ifnum 0=`}\fi \@aboverulesep =\aboverulesep \global \@...
l.342 }
       
? 

Underfull \hbox (badness 10000) in paragraph at lines 342--342

 []

! Misplaced alignment tab character &.
<argument> ...00000} 0.90\%} \\ \midrule Tasigna &
                                                   Novartis & {\color [HTML]...
l.342 }
       
? 
! Misplaced alignment tab character &.
<argument> ...\%} \\ \midrule Tasigna & Novartis &
                                                   {\color [HTML]{0A0101} 12...
l.342 }
       
? 
! Misplaced alignment tab character &.
<argument> ...lor [HTML]{0A0101} 12.611 billion} &
                                                   Chronic Myelogenous Leuke...
l.342 }
       
? 
! Misplaced alignment tab character &.
<argument> ...on} & Chronic Myelogenous Leukemia &
                                                   58,000 & {\color [HTML]{0...
l.342 }
       
? 
! Misplaced alignment tab character &.
<argument> ...onic Myelogenous Leukemia & 58,000 &
                                                   {\color [HTML]{000000} 3....
l.342 }
       
? 
! Misplaced alignment tab character &.
<argument> ...0 & {\color [HTML]{000000} 3.94\%} &
                                                   {\color [HTML]{000000} 3....
l.342 }
       
? 
! Misplaced \noalign.
\midrule ->\noalign 
                    {\ifnum 0=`}\fi \@aboverulesep =\aboverulesep \global \@...
l.342 }
       
? 

Underfull \hbox (badness 10000) in paragraph at lines 342--342

 []

! Misplaced alignment tab character &.
<argument> ...00000} 3.54\%} \\ \midrule Gilenya &
                                                   Novartis & {\color [HTML]...
l.342 }
       
? 
! Misplaced alignment tab character &.
<argument> ...\%} \\ \midrule Gilenya & Novartis &
                                                   {\color [HTML]{0A0101} 12...
l.342 }
       
? 
! Misplaced alignment tab character &.
<argument> ...lor [HTML]{0A0101} 12.611 billion} &
                                                   MS Relapse & 250,000 & {\...
l.342 }
       
? 
! Misplaced alignment tab character &.
<argument> ...0101} 12.611 billion} & MS Relapse &
                                                   250,000 & {\color [HTML]{...
l.342 }
       
? 
! Misplaced alignment tab character &.
<argument> ...11 billion} & MS Relapse & 250,000 &
                                                   {\color [HTML]{000000} 20...
l.342 }
       
? 
! Misplaced alignment tab character &.
<argument> ...000 & {\color [HTML]{000000} 20\%} &
                                                   {\color [HTML]{000000} 17...
l.342 }
       
? 
! Misplaced \noalign.
\bottomrule ->\noalign 
                       {\ifnum 0=`}\fi \@aboverulesep =\aboverulesep \global...
l.342 }
       
? 

Underfull \hbox (badness 10000) in paragraph at lines 342--342

 []

! Misplaced \crcr.
\endarray ->\crcr 
                  \egroup \egroup \gdef \@preamble {}\CT@end 
l.342 }
       
? 
! Extra }, or forgotten \endgroup.
\endarray ->\crcr \egroup 
                          \egroup \gdef \@preamble {}\CT@end 
l.342 }
       
? 
! Extra }, or forgotten \endgroup.
\endarray ->\crcr \egroup \egroup 
                                  \gdef \@preamble {}\CT@end 
l.342 }
       
? 
! Extra }, or forgotten $.
<recently read> \egroup 
                        
l.342 }
       
? 

! LaTeX Error: \begin{table} on input line 324 ended by \end{tabular}.

See the LaTeX manual or LaTeX Companion for explanation.
Type  H <return>  for immediate help.
 ...                                              
                                                  
l.342 }
       
? 
! Missing $ inserted.
<inserted text> 
                $
l.342 }
       
? 
! Missing } inserted.
<inserted text> 
                }
l.342 }
       
? 

! Package graphics Error: Division by 0.

See the graphics package documentation for explanation.
Type  H <return>  for immediate help.
 ...                                              
                                                  
l.342 }
       
? 

! LaTeX Error: \caption outside float.

See the LaTeX manual or LaTeX Companion for explanation.
Type  H <return>  for immediate help.
 ...                                              
                                                  
l.343 \caption
              {Drug and Disease Info} \label{Table 1 } \end{table}
? 
! Too many }'s.
\@endfloatbox ...pagefalse \outer@nobreak \egroup 
                                                  \color@endbox 
l.343 ...isease Info} \label{Table 1 } \end{table}
                                                  
? 
! Extra \endgroup.
\color@endgroup ->\endgraf \endgroup 
                                     
l.343 ...isease Info} \label{Table 1 } \end{table}
                                                  
? 
! Too many }'s.
\color@endbox ->\color@endgroup \egroup 
                                        
l.343 ...isease Info} \label{Table 1 } \end{table}
                                                  
? 

! LaTeX Error: \begin{document} ended by \end{table}.

See the LaTeX manual or LaTeX Companion for explanation.
Type  H <return>  for immediate help.
 ...                                              
                                                  
l.343 ...isease Info} \label{Table 1 } \end{table}
                                                  
? 
! Extra \endgroup.
<recently read> \endgroup 
                          
l.343 ...isease Info} \label{Table 1 } \end{table}
                                                  
? 
! Undefined control sequence.
<argument> {\CT@arc@ 
                     \vline }
l.363 }
       
? 
! Undefined control sequence.
<argument> {\CT@arc@ 
                     \vline }
l.363 }
       
? 
! Undefined control sequence.
<argument> {\CT@arc@ 
                     \vline }
l.363 }
       
? 
! Undefined control sequence.
<argument> {\CT@arc@ 
                     \vline }
l.363 }
       
? 
! Undefined control sequence.
<argument> {\CT@arc@ 
                     \vline }
l.363 }
       
? 
! Undefined control sequence.
<argument> {\CT@arc@ 
                     \vline }
l.363 }
       
? 
! Undefined control sequence.
<argument> {\CT@arc@ 
                     \vline }
l.363 }
       
? 
! Undefined control sequence.
\hline ... \hrule \let \@width \@height {\CT@arc@ 
                                                  \vline }\futurelet \reserv...
l.363 }
       
? 
! Undefined control sequence.
<argument> {\CT@arc@ 
                     \vline }
l.363 }
       
? 
! Undefined control sequence.
<argument> {\CT@arc@ 
                     \vline }
l.363 }
       
? 
! Undefined control sequence.
<argument> {\CT@arc@ 
                     \vline }
l.363 }
       
? 
! Undefined control sequence.
<argument> {\CT@arc@ 
                     \vline }
l.363 }
       
? 
! Undefined control sequence.
\hline ... \hrule \let \@width \@height {\CT@arc@ 
                                                  \vline }\futurelet \reserv...
l.363 }
       
? 
! Undefined control sequence.
\hline ... \hrule \let \@width \@height {\CT@arc@ 
                                                  \vline }\futurelet \reserv...
l.363 }
       
? 
! Undefined control sequence.
\hline ... \hrule \let \@width \@height {\CT@arc@ 
                                                  \vline }\futurelet \reserv...
l.363 }
       
? 
! Undefined control sequence.
\hline ... \hrule \let \@width \@height {\CT@arc@ 
                                                  \vline }\futurelet \reserv...
l.363 }
       
? 
! Undefined control sequence.
\hline ... \hrule \let \@width \@height {\CT@arc@ 
                                                  \vline }\futurelet \reserv...
l.363 }
       
? 
! Undefined control sequence.
\hline ... \hrule \let \@width \@height {\CT@arc@ 
                                                  \vline }\futurelet \reserv...
l.363 }
       
? 

Package natbib Warning: There were undefined citations.

Package atveryend Info: Empty hook `BeforeClearDocument' on input line 365.
[14

]
Package atveryend Info: Empty hook `AfterLastShipout' on input line 365.
 (./WrittenReport.aux)
Package atveryend Info: Executing hook `AtVeryEndDocument' on input line 365.
Package atveryend Info: Executing hook `AtEndAfterFileList' on input line 365.


Package rerunfilecheck Warning: File `WrittenReport.out' has changed.
(rerunfilecheck)                Rerun to get outlines right
(rerunfilecheck)                or use package `bookmark'.

Package rerunfilecheck Info: Checksums for `WrittenReport.out':
(rerunfilecheck)             Before: <no file>
(rerunfilecheck)             After:  89BF4BCFDFEAA169FADA52823EA4AF6C;745.

LaTeX Warning: Label(s) may have changed. Rerun to get cross-references right.

Package atveryend Info: Empty hook `AtVeryVeryEnd' on input line 365.
 ) 
Here is how much of TeX's memory you used:
 10568 strings out of 495063
 144906 string characters out of 3182202
 231937 words of memory out of 3000000
 13613 multiletter control sequences out of 15000+200000
 55690 words of font info for 121 fonts, out of 3000000 for 9000
 14 hyphenation exceptions out of 8191
 41i,14n,35p,281b,366s stack positions out of 5000i,500n,10000p,200000b,50000s
{/usr/share/texlive/texmf-dist/fonts/enc/dvips/base/8r.enc}</usr/share/texliv
e/texmf-dist/fonts/type1/public/amsfonts/cm/cmex10.pfb></usr/share/texlive/texm
f-dist/fonts/type1/public/amsfonts/cm/cmmi10.pfb></usr/share/texlive/texmf-dist
/fonts/type1/public/amsfonts/cm/cmr10.pfb></usr/share/texlive/texmf-dist/fonts/
type1/public/amsfonts/cm/cmsy10.pfb></usr/share/texlive/texmf-dist/fonts/type1/
urw/symbol/usyr.pfb></usr/share/texlive/texmf-dist/fonts/type1/urw/times/utmb8a
.pfb></usr/share/texlive/texmf-dist/fonts/type1/urw/times/utmr8a.pfb></usr/shar
e/texlive/texmf-dist/fonts/type1/urw/times/utmri8a.pfb>
Output written on WrittenReport.pdf (14 pages, 95140 bytes).
PDF statistics:
 116 PDF objects out of 1000 (max. 8388607)
 91 compressed objects within 1 object stream
 25 named destinations out of 1000 (max. 500000)
 1 words of extra memory for PDF output out of 10000 (max. 10000000)

